<?xml version="1.0" encoding="UTF-8"?>
<!-- Generated by org.testng.reporters.JUnitReportReporter -->
<testsuite hostname="PERFIOS-HW-877" failures="0" tests="1" name="JDBC.fwtch_da" time="1.235" errors="0" timestamp="2023-08-19T17:03:14 IST" skipped="0">
  <testcase classname="JDBC.fwtch_da" name="fet" time="1.235"/>
</testsuite> <!-- JDBC.fwtch_da -->
