<?xml version="1.0" encoding="UTF-8"?>
<!-- Generated by org.testng.reporters.JUnitReportReporter -->
<testsuite hostname="PERFIOS-HW-877" failures="0" tests="1" name="testng.facebook" time="20.319" errors="0" timestamp="2023-08-18T19:46:28 IST" skipped="0">
  <testcase classname="testng.facebook" name="login" time="20.319"/>
</testsuite> <!-- testng.facebook -->
