<?xml version="1.0" encoding="UTF-8"?>
<!-- Generated by org.testng.reporters.JUnitReportReporter -->
<testsuite hostname="PERFIOS-HW-877" failures="0" tests="2" name="testng.demo" time="0.043" errors="0" timestamp="2023-08-07T16:58:52 IST" skipped="1">
  <testcase classname="testng.demo" name="lion" time="0.043">
    <system-out>
      <![CDATA[hi]]>
    </system-out>
  </testcase> <!-- lion -->
  <testcase classname="testng.demo" name="apple">
    <skipped/>
  </testcase> <!-- apple -->
  <system-out>
    <![CDATA[hi]]>
  </system-out>
</testsuite> <!-- testng.demo -->
