<?xml version="1.0" encoding="UTF-8"?>
<!-- Generated by org.testng.reporters.JUnitReportReporter -->
<testsuite hostname="PERFIOS-HW-877" failures="0" tests="1" name="pom.testRunner" time="26.056" errors="0" timestamp="2023-08-12T17:12:47 IST" skipped="0">
  <testcase classname="pom.testRunner" name="Face" time="26.056"/>
</testsuite> <!-- pom.testRunner -->
