<?xml version="1.0" encoding="UTF-8"?>
<!-- Generated by org.testng.reporters.JUnitReportReporter -->
<testsuite hostname="PERFIOS-HW-877" failures="0" tests="1" name="JDBC.fetch_jdbc" time="1.286" errors="0" timestamp="2023-08-19T17:02:10 IST" skipped="0">
  <testcase classname="JDBC.fetch_jdbc" name="jd_fetch" time="1.286"/>
</testsuite> <!-- JDBC.fetch_jdbc -->
