<?xml version="1.0" encoding="UTF-8"?>
<!-- Generated by org.testng.reporters.JUnitReportReporter -->
<testsuite hostname="PERFIOS-HW-877" failures="0" tests="1" name="verification.hardAssert" time="9.950" errors="0" timestamp="2023-08-13T15:43:04 IST" skipped="0">
  <testcase classname="verification.hardAssert" name="instagram" time="9.950"/>
</testsuite> <!-- verification.hardAssert -->
