<?xml version="1.0" encoding="UTF-8"?>
<!-- Generated by org.testng.reporters.JUnitReportReporter -->
<testsuite hostname="PERFIOS-HW-877" failures="0" tests="1" name="pom.testRunner_Instagram" time="25.791" errors="0" timestamp="2023-08-12T22:49:20 IST" skipped="0">
  <testcase classname="pom.testRunner_Instagram" name="insta" time="25.791"/>
</testsuite> <!-- pom.testRunner_Instagram -->
