<?xml version="1.0" encoding="UTF-8"?>
<!-- Generated by org.testng.reporters.JUnitReportReporter -->
<testsuite hostname="PERFIOS-HW-877" failures="0" tests="1" name="verification.googlelink" time="13.106" errors="0" timestamp="2023-08-13T16:00:31 IST" skipped="0">
  <testcase classname="verification.googlelink" name="instagram" time="13.106"/>
</testsuite> <!-- verification.googlelink -->
