<?xml version="1.0" encoding="UTF-8"?>
<!-- Generated by org.testng.reporters.JUnitReportReporter -->
<testsuite hostname="PERFIOS-HW-877" failures="0" tests="1" name="extentreport.extentReportscript" time="0.768" errors="0" timestamp="2023-08-20T13:54:40 IST" skipped="0">
  <testcase classname="extentreport.extentReportscript" name="run" time="0.768"/>
</testsuite> <!-- extentreport.extentReportscript -->
